<?xml version="1.0" encoding="UTF-8"?>
<!-- Generated by org.testng.reporters.JUnitXMLReporter -->
<testsuite hostname="Syeds-MBP.fios-router.home" name="Surefire test" tests="4" failures="0" timestamp="25 Jan 2016 23:06:44 GMT" time="5.826" errors="0">
  <testcase name="googleCheeseExample" time="3.899" classname="com.webdriver.selenium.mastering.basicTestWD"/>
  <testcase name="googleIceCreamExample" time="4.323" classname="com.webdriver.selenium.mastering.basicTestWD"/>
  <testcase name="googleMilkExample" time="1.359" classname="com.webdriver.selenium.mastering.basicTestWD"/>
  <testcase name="googleYogurtExample" time="1.475" classname="com.webdriver.selenium.mastering.basicTestWD"/>
</testsuite> <!-- Surefire test -->
